# JRE version: Java(TM) SE Runtime Environment (8.0_171-b11) (build 1.8.0_171-b11)
# Java VM: Java HotSpot(TM) 64-Bit Server VM (25.171-b11 mixed mode bsd-amd64 compressed oops)
Heap:
 PSYoungGen      total 217600K, used 27257K [0x0000000795580000, 0x00000007a7e00000, 0x00000007c0000000)
  eden space 203776K, 6% used [0x0000000795580000,0x00000007962a1c98,0x00000007a1c80000)
  from space 13824K, 99% used [0x00000007a1c80000,0x00000007a29fc780,0x00000007a2a00000)
  to   space 16896K, 0% used [0x00000007a6d80000,0x00000007a6d80000,0x00000007a7e00000)
 ParOldGen       total 55296K, used 15006K [0x0000000740000000, 0x0000000743600000, 0x0000000795580000)
  object space 55296K, 27% used [0x0000000740000000,0x0000000740ea7be8,0x0000000743600000)
 Metaspace       used 34005K, capacity 35412K, committed 35496K, reserved 1079296K
  class space    used 4521K, capacity 4824K, committed 4864K, reserved 1048576K
GC Heap History (10 events):
Event: 4.891 GC heap before
{Heap before GC invocations=6 (full 0):
 PSYoungGen      total 71680K, used 26775K [0x0000000795580000, 0x000000079e780000, 0x00000007c0000000)
  eden space 66560K, 32% used [0x0000000795580000,0x0000000796aa84b0,0x0000000799680000)
  from space 5120K, 99% used [0x0000000799680000,0x0000000799b7d8c0,0x0000000799b80000)
  to   space 8192K, 0% used [0x000000079df80000,0x000000079df80000,0x000000079e780000)
 ParOldGen       total 87552K, used 3317K [0x0000000740000000, 0x0000000745580000, 0x0000000795580000)
  object space 87552K, 3% used [0x0000000740000000,0x000000074033d660,0x0000000745580000)
 Metaspace       used 20655K, capacity 21242K, committed 21296K, reserved 1067008K
  class space    used 2746K, capacity 2913K, committed 2944K, reserved 1048576K
Event: 4.904 GC heap after
Heap after GC invocations=6 (full 0):
 PSYoungGen      total 140800K, used 6589K [0x0000000795580000, 0x000000079e880000, 0x00000007c0000000)
  eden space 132608K, 0% used [0x0000000795580000,0x0000000795580000,0x000000079d700000)
  from space 8192K, 80% used [0x000000079df80000,0x000000079e5ef458,0x000000079e780000)
  to   space 8704K, 0% used [0x000000079d700000,0x000000079d700000,0x000000079df80000)
 ParOldGen       total 87552K, used 3325K [0x0000000740000000, 0x0000000745580000, 0x0000000795580000)
  object space 87552K, 3% used [0x0000000740000000,0x000000074033f660,0x0000000745580000)
 Metaspace       used 20655K, capacity 21242K, committed 21296K, reserved 1067008K
  class space    used 2746K, capacity 2913K, committed 2944K, reserved 1048576K
}
Event: 4.904 GC heap before
{Heap before GC invocations=7 (full 1):
 PSYoungGen      total 140800K, used 6589K [0x0000000795580000, 0x000000079e880000, 0x00000007c0000000)
  eden space 132608K, 0% used [0x0000000795580000,0x0000000795580000,0x000000079d700000)
  from space 8192K, 80% used [0x000000079df80000,0x000000079e5ef458,0x000000079e780000)
  to   space 8704K, 0% used [0x000000079d700000,0x000000079d700000,0x000000079df80000)
 ParOldGen       total 87552K, used 3325K [0x0000000740000000, 0x0000000745580000, 0x0000000795580000)
  object space 87552K, 3% used [0x0000000740000000,0x000000074033f660,0x0000000745580000)
 Metaspace       used 20655K, capacity 21242K, committed 21296K, reserved 1067008K
  class space    used 2746K, capacity 2913K, committed 2944K, reserved 1048576K
Event: 4.981 GC heap after
Heap after GC invocations=7 (full 1):
 PSYoungGen      total 140800K, used 0K [0x0000000795580000, 0x000000079e880000, 0x00000007c0000000)
  eden space 132608K, 0% used [0x0000000795580000,0x0000000795580000,0x000000079d700000)
  from space 8192K, 0% used [0x000000079df80000,0x000000079df80000,0x000000079e780000)
  to   space 8704K, 0% used [0x000000079d700000,0x000000079d700000,0x000000079df80000)
 ParOldGen       total 55296K, used 6902K [0x0000000740000000, 0x0000000743600000, 0x0000000795580000)
  object space 55296K, 12% used [0x0000000740000000,0x00000007406bdb00,0x0000000743600000)
 Metaspace       used 20655K, capacity 21242K, committed 21296K, reserved 1067008K
  class space    used 2746K, capacity 2913K, committed 2944K, reserved 1048576K
}
Event: 7.649 GC heap before
{Heap before GC invocations=8 (full 1):
 PSYoungGen      total 140800K, used 132608K [0x0000000795580000, 0x000000079e880000, 0x00000007c0000000)
  eden space 132608K, 100% used [0x0000000795580000,0x000000079d700000,0x000000079d700000)
  from space 8192K, 0% used [0x000000079df80000,0x000000079df80000,0x000000079e780000)
  to   space 8704K, 0% used [0x000000079d700000,0x000000079d700000,0x000000079df80000)
 ParOldGen       total 55296K, used 6902K [0x0000000740000000, 0x0000000743600000, 0x0000000795580000)
  object space 55296K, 12% used [0x0000000740000000,0x00000007406bdb00,0x0000000743600000)
 Metaspace       used 26190K, capacity 27030K, committed 27264K, reserved 1073152K
  class space    used 3451K, capacity 3663K, committed 3712K, reserved 1048576K
Event: 7.673 GC heap after
Heap after GC invocations=8 (full 1):
 PSYoungGen      total 141312K, used 8695K [0x0000000795580000, 0x00000007a3780000, 0x00000007c0000000)
  eden space 132608K, 0% used [0x0000000795580000,0x0000000795580000,0x000000079d700000)
  from space 8704K, 99% used [0x000000079d700000,0x000000079df7def8,0x000000079df80000)
  to   space 11264K, 0% used [0x00000007a2c80000,0x00000007a2c80000,0x00000007a3780000)
 ParOldGen       total 55296K, used 9771K [0x0000000740000000, 0x0000000743600000, 0x0000000795580000)
  object space 55296K, 17% used [0x0000000740000000,0x000000074098afd0,0x0000000743600000)
 Metaspace       used 26190K, capacity 27030K, committed 27264K, reserved 1073152K
  class space    used 3451K, capacity 3663K, committed 3712K, reserved 1048576K
}
Event: 10.539 GC heap before
{Heap before GC invocations=9 (full 1):
 PSYoungGen      total 141312K, used 141303K [0x0000000795580000, 0x00000007a3780000, 0x00000007c0000000)
  eden space 132608K, 100% used [0x0000000795580000,0x000000079d700000,0x000000079d700000)
  from space 8704K, 99% used [0x000000079d700000,0x000000079df7def8,0x000000079df80000)
  to   space 11264K, 0% used [0x00000007a2c80000,0x00000007a2c80000,0x00000007a3780000)
 ParOldGen       total 55296K, used 9771K [0x0000000740000000, 0x0000000743600000, 0x0000000795580000)
  object space 55296K, 17% used [0x0000000740000000,0x000000074098afd0,0x0000000743600000)
 Metaspace       used 30005K, capacity 31046K, committed 31104K, reserved 1077248K
  class space    used 3980K, capacity 4211K, committed 4224K, reserved 1048576K
Event: 10.566 GC heap after
Heap after GC invocations=9 (full 1):
 PSYoungGen      total 215040K, used 11237K [0x0000000795580000, 0x00000007a3780000, 0x00000007c0000000)
  eden space 203776K, 0% used [0x0000000795580000,0x0000000795580000,0x00000007a1c80000)
  from space 11264K, 99% used [0x00000007a2c80000,0x00000007a37795c8,0x00000007a3780000)
  to   space 13824K, 0% used [0x00000007a1c80000,0x00000007a1c80000,0x00000007a2a00000)
 ParOldGen       total 55296K, used 11849K [0x0000000740000000, 0x0000000743600000, 0x0000000795580000)
  object space 55296K, 21% used [0x0000000740000000,0x0000000740b92428,0x0000000743600000)
 Metaspace       used 30005K, capacity 31046K, committed 31104K, reserved 1077248K
  class space    used 3980K, capacity 4211K, committed 4224K, reserved 1048576K
}
Event: 14.634 GC heap before
{Heap before GC invocations=10 (full 1):
 PSYoungGen      total 215040K, used 215013K [0x0000000795580000, 0x00000007a3780000, 0x00000007c0000000)
  eden space 203776K, 100% used [0x0000000795580000,0x00000007a1c80000,0x00000007a1c80000)
  from space 11264K, 99% used [0x00000007a2c80000,0x00000007a37795c8,0x00000007a3780000)
  to   space 13824K, 0% used [0x00000007a1c80000,0x00000007a1c80000,0x00000007a2a00000)
 ParOldGen       total 55296K, used 11849K [0x0000000740000000, 0x0000000743600000, 0x0000000795580000)
  object space 55296K, 21% used [0x0000000740000000,0x0000000740b92428,0x0000000743600000)
 Metaspace       used 33937K, capacity 35412K, committed 35496K, reserved 1079296K
  class space    used 4512K, capacity 4824K, committed 4864K, reserved 1048576K
Event: 14.713 GC heap after
Heap after GC invocations=10 (full 1):
 PSYoungGen      total 217600K, used 13809K [0x0000000795580000, 0x00000007a7e00000, 0x00000007c0000000)
  eden space 203776K, 0% used [0x0000000795580000,0x0000000795580000,0x00000007a1c80000)
  from space 13824K, 99% used [0x00000007a1c80000,0x00000007a29fc780,0x00000007a2a00000)
  to   space 16896K, 0% used [0x00000007a6d80000,0x00000007a6d80000,0x00000007a7e00000)
 ParOldGen       total 55296K, used 15006K [0x0000000740000000, 0x0000000743600000, 0x0000000795580000)
  object space 55296K, 27% used [0x0000000740000000,0x0000000740ea7be8,0x0000000743600000)
 Metaspace       used 33937K, capacity 35412K, committed 35496K, reserved 1079296K
  class space    used 4512K, capacity 4824K, committed 4864K, reserved 1048576K
}

